0 info it worked if it ends with ok
1 verbose cli [ '/usr/local/bin/node', '/usr/local/bin/npm', 'start' ]
2 info using npm@2.14.12
3 info using node@v4.2.6
4 verbose run-script [ 'prestart', 'start', 'poststart' ]
5 info prestart MeterPI@1.0.0
6 info start MeterPI@1.0.0
7 verbose unsafe-perm in lifecycle true
8 info MeterPI@1.0.0 Failed to exec start script
9 verbose stack Error: MeterPI@1.0.0 start: `PORT=8080 node app.js`
9 verbose stack Exit status 1
9 verbose stack     at EventEmitter.<anonymous> (/usr/local/lib/node_modules/npm/lib/utils/lifecycle.js:214:16)
9 verbose stack     at emitTwo (events.js:87:13)
9 verbose stack     at EventEmitter.emit (events.js:172:7)
9 verbose stack     at ChildProcess.<anonymous> (/usr/local/lib/node_modules/npm/lib/utils/spawn.js:24:14)
9 verbose stack     at emitTwo (events.js:87:13)
9 verbose stack     at ChildProcess.emit (events.js:172:7)
9 verbose stack     at maybeClose (internal/child_process.js:821:16)
9 verbose stack     at Process.ChildProcess._handle.onexit (internal/child_process.js:211:5)
10 verbose pkgid MeterPI@1.0.0
11 verbose cwd /Users/alex/Desktop/dev/pimeter
12 error Darwin 15.3.0
13 error argv "/usr/local/bin/node" "/usr/local/bin/npm" "start"
14 error node v4.2.6
15 error npm  v2.14.12
16 error code ELIFECYCLE
17 error MeterPI@1.0.0 start: `PORT=8080 node app.js`
17 error Exit status 1
18 error Failed at the MeterPI@1.0.0 start script 'PORT=8080 node app.js'.
18 error This is most likely a problem with the MeterPI package,
18 error not with npm itself.
18 error Tell the author that this fails on your system:
18 error     PORT=8080 node app.js
18 error You can get their info via:
18 error     npm owner ls MeterPI
18 error There is likely additional logging output above.
19 verbose exit [ 1, true ]
